{"/Users/zane/.liq/playground/liquid-labs/liq-integrations/src/integrations-manager.mjs": {"path":"/Users/zane/.liq/playground/liquid-labs/liq-integrations/src/integrations-manager.mjs","statementMap":{"0":{"start":{"line":1,"column":25},"end":{"line":44,"column":null}},"1":{"start":{"line":1,"column":34},"end":{"line":2,"column":null}},"2":{"start":{"line":5,"column":28},"end":{"line":5,"column":62}},"3":{"start":{"line":7,"column":28},"end":{"line":7,"column":89}},"4":{"start":{"line":7,"column":59},"end":{"line":7,"column":88}},"5":{"start":{"line":8,"column":4},"end":{"line":13,"column":null}},"6":{"start":{"line":9,"column":6},"end":{"line":9,"column":null}},"7":{"start":{"line":11,"column":9},"end":{"line":13,"column":null}},"8":{"start":{"line":12,"column":6},"end":{"line":12,"column":null}},"9":{"start":{"line":15,"column":28},"end":{"line":15,"column":46}},"10":{"start":{"line":16,"column":21},"end":{"line":16,"column":32}},"11":{"start":{"line":17,"column":4},"end":{"line":19,"column":null}},"12":{"start":{"line":18,"column":6},"end":{"line":18,"column":null}},"13":{"start":{"line":21,"column":23},"end":{"line":21,"column":41}},"14":{"start":{"line":22,"column":4},"end":{"line":22,"column":null}},"15":{"start":{"line":27,"column":4},"end":{"line":27,"column":66}},"16":{"start":{"line":28,"column":17},"end":{"line":32,"column":76}},"17":{"start":{"line":29,"column":6},"end":{"line":29,"column":null}},"18":{"start":{"line":29,"column":54},"end":{"line":29,"column":71}},"19":{"start":{"line":30,"column":6},"end":{"line":30,"column":null}},"20":{"start":{"line":32,"column":27},"end":{"line":32,"column":75}},"21":{"start":{"line":32,"column":59},"end":{"line":32,"column":74}},"22":{"start":{"line":34,"column":4},"end":{"line":34,"column":null}},"23":{"start":{"line":35,"column":4},"end":{"line":35,"column":null}},"24":{"start":{"line":39,"column":4},"end":{"line":41,"column":null}},"25":{"start":{"line":40,"column":6},"end":{"line":40,"column":null}},"26":{"start":{"line":42,"column":4},"end":{"line":42,"column":null}}},"fnMap":{"0":{"name":"(anonymous_0)","decl":{"start":{"line":1,"column":34},"end":{"line":1,"column":null}},"loc":{"start":{"line":1,"column":34},"end":{"line":2,"column":null}}},"1":{"name":"(anonymous_1)","decl":{"start":{"line":4,"column":2},"end":{"line":4,"column":8}},"loc":{"start":{"line":4,"column":64},"end":{"line":23,"column":null}}},"2":{"name":"(anonymous_2)","decl":{"start":{"line":7,"column":52},"end":{"line":7,"column":54}},"loc":{"start":{"line":7,"column":59},"end":{"line":7,"column":88}}},"3":{"name":"(anonymous_3)","decl":{"start":{"line":25,"column":2},"end":{"line":25,"column":22}},"loc":{"start":{"line":25,"column":25},"end":{"line":36,"column":null}}},"4":{"name":"(anonymous_4)","decl":{"start":{"line":28,"column":55},"end":{"line":28,"column":56}},"loc":{"start":{"line":28,"column":73},"end":{"line":31,"column":5}}},"5":{"name":"(anonymous_5)","decl":{"start":{"line":29,"column":30},"end":{"line":29,"column":31}},"loc":{"start":{"line":29,"column":54},"end":{"line":29,"column":71}}},"6":{"name":"(anonymous_6)","decl":{"start":{"line":32,"column":14},"end":{"line":32,"column":15}},"loc":{"start":{"line":32,"column":27},"end":{"line":32,"column":75}}},"7":{"name":"(anonymous_7)","decl":{"start":{"line":32,"column":45},"end":{"line":32,"column":46}},"loc":{"start":{"line":32,"column":59},"end":{"line":32,"column":74}}},"8":{"name":"(anonymous_8)","decl":{"start":{"line":38,"column":2},"end":{"line":38,"column":10}},"loc":{"start":{"line":38,"column":64},"end":{"line":43,"column":null}}}},"branchMap":{"0":{"loc":{"start":{"line":5,"column":28},"end":{"line":5,"column":62}},"type":"binary-expr","locations":[{"start":{"line":5,"column":28},"end":{"line":5,"column":56}},{"start":{"line":5,"column":60},"end":{"line":5,"column":62}}]},"1":{"loc":{"start":{"line":8,"column":4},"end":{"line":13,"column":null}},"type":"if","locations":[{"start":{"line":8,"column":4},"end":{"line":13,"column":null}},{"start":{"line":11,"column":9},"end":{"line":13,"column":null}}]},"2":{"loc":{"start":{"line":11,"column":9},"end":{"line":13,"column":null}},"type":"if","locations":[{"start":{"line":11,"column":9},"end":{"line":13,"column":null}}]},"3":{"loc":{"start":{"line":17,"column":4},"end":{"line":19,"column":null}},"type":"if","locations":[{"start":{"line":17,"column":4},"end":{"line":19,"column":null}}]},"4":{"loc":{"start":{"line":22,"column":11},"end":{"line":22,"column":72}},"type":"cond-expr","locations":[{"start":{"line":22,"column":43},"end":{"line":22,"column":53}},{"start":{"line":22,"column":56},"end":{"line":22,"column":72}}]},"5":{"loc":{"start":{"line":39,"column":4},"end":{"line":41,"column":null}},"type":"if","locations":[{"start":{"line":39,"column":4},"end":{"line":41,"column":null}}]}},"s":{"0":1,"1":7,"2":8,"3":8,"4":10,"5":8,"6":1,"7":7,"8":1,"9":6,"10":6,"11":6,"12":1,"13":5,"14":5,"15":0,"16":0,"17":0,"18":0,"19":0,"20":0,"21":0,"22":0,"23":0,"24":8,"25":6,"26":8},"f":{"0":7,"1":8,"2":10,"3":0,"4":0,"5":0,"6":0,"7":0,"8":8},"b":{"0":[8,1],"1":[1,7],"2":[1],"3":[1],"4":[5,0],"5":[6]}}
,"/Users/zane/.liq/playground/liquid-labs/liq-integrations/src/setup.mjs": {"path":"/Users/zane/.liq/playground/liquid-labs/liq-integrations/src/setup.mjs","statementMap":{"0":{"start":{"line":1,"column":0},"end":{"line":1,"column":null}},"1":{"start":{"line":2,"column":0},"end":{"line":2,"column":null}},"2":{"start":{"line":4,"column":0},"end":{"line":4,"column":null}},"3":{"start":{"line":6,"column":0},"end":{"line":6,"column":null}},"4":{"start":{"line":8,"column":0},"end":{"line":8,"column":60}},"5":{"start":{"line":8,"column":60},"end":{"line":8,"column":null}},"6":{"start":{"line":10,"column":20},"end":{"line":40,"column":1}},"7":{"start":{"line":11,"column":21},"end":{"line":11,"column":115}},"8":{"start":{"line":12,"column":20},"end":{"line":12,"column":59}},"9":{"start":{"line":13,"column":20},"end":{"line":13,"column":59}},"10":{"start":{"line":15,"column":2},"end":{"line":15,"column":null}},"11":{"start":{"line":17,"column":24},"end":{"line":21,"column":3}},"12":{"start":{"line":20,"column":19},"end":{"line":20,"column":23}},"13":{"start":{"line":23,"column":18},"end":{"line":23,"column":73}},"14":{"start":{"line":25,"column":2},"end":{"line":25,"column":null}},"15":{"start":{"line":27,"column":2},"end":{"line":39,"column":null}},"16":{"start":{"line":28,"column":36},"end":{"line":28,"column":39}},"17":{"start":{"line":29,"column":61},"end":{"line":29,"column":97}},"18":{"start":{"line":29,"column":61},"end":{"line":29,"column":75}},"19":{"start":{"line":30,"column":4},"end":{"line":32,"column":null}},"20":{"start":{"line":31,"column":6},"end":{"line":31,"column":null}},"21":{"start":{"line":33,"column":4},"end":{"line":33,"column":null}},"22":{"start":{"line":35,"column":25},"end":{"line":35,"column":70}},"23":{"start":{"line":36,"column":4},"end":{"line":38,"column":null}},"24":{"start":{"line":37,"column":6},"end":{"line":37,"column":null}},"25":{"start":{"line":42,"column":14},"end":{"line":47,"column":1}},"26":{"start":{"line":43,"column":2},"end":{"line":43,"column":null}},"27":{"start":{"line":45,"column":2},"end":{"line":45,"column":null}},"28":{"start":{"line":46,"column":2},"end":{"line":46,"column":null}},"29":{"start":{"line":47,"column":1},"end":{"line":47,"column":null}},"30":{"start":{"line":49,"column":27},"end":{"line":56,"column":1}},"31":{"start":{"line":50,"column":2},"end":{"line":55,"column":null}},"32":{"start":{"line":52,"column":6},"end":{"line":52,"column":null}}},"fnMap":{"0":{"name":"_getRequireWildcardCache","decl":{"start":{"line":8,"column":60},"end":{"line":8,"column":null}},"loc":{"start":{"line":8,"column":60},"end":{"line":8,"column":null}}},"1":{"name":"(anonymous_3)","decl":{"start":{"line":10,"column":20},"end":{"line":10,"column":26}},"loc":{"start":{"line":10,"column":48},"end":{"line":40,"column":1}}},"2":{"name":"(anonymous_4)","decl":{"start":{"line":20,"column":13},"end":{"line":20,"column":19}},"loc":{"start":{"line":20,"column":19},"end":{"line":20,"column":23}}},"3":{"name":"(anonymous_5)","decl":{"start":{"line":29,"column":61},"end":{"line":29,"column":75}},"loc":{"start":{"line":29,"column":61},"end":{"line":29,"column":75}}},"4":{"name":"(anonymous_8)","decl":{"start":{"line":42,"column":14},"end":{"line":42,"column":20}},"loc":{"start":{"line":42,"column":42},"end":{"line":47,"column":1}}},"5":{"name":"(anonymous_9)","decl":{"start":{"line":49,"column":27},"end":{"line":49,"column":28}},"loc":{"start":{"line":49,"column":40},"end":{"line":56,"column":1}}},"6":{"name":"(anonymous_10)","decl":{"start":{"line":51,"column":21},"end":{"line":51,"column":27}},"loc":{"start":{"line":51,"column":27},"end":{"line":53,"column":5}}}},"branchMap":{"0":{"loc":{"start":{"line":8,"column":60},"end":{"line":8,"column":null}},"type":"if","locations":[{"start":{"line":8,"column":60},"end":{"line":8,"column":null}}]},"1":{"loc":{"start":{"line":8,"column":60},"end":{"line":8,"column":null}},"type":"cond-expr","locations":[{"start":{"line":8,"column":60},"end":{"line":8,"column":null}},{"start":{"line":8,"column":60},"end":{"line":8,"column":null}}]},"2":{"loc":{"start":{"line":8,"column":60},"end":{"line":8,"column":null}},"type":"binary-expr","locations":[{"start":{"line":8,"column":60},"end":{"line":8,"column":null}},{"start":{"line":8,"column":60},"end":{"line":8,"column":null}},{"start":{"line":8,"column":60},"end":{"line":8,"column":null}}]},"3":{"loc":{"start":{"line":11,"column":21},"end":{"line":11,"column":115}},"type":"binary-expr","locations":[{"start":{"line":11,"column":21},"end":{"line":11,"column":61}},{"start":{"line":11,"column":65},"end":{"line":11,"column":115}}]},"4":{"loc":{"start":{"line":23,"column":18},"end":{"line":23,"column":73}},"type":"cond-expr","locations":[{"start":{"line":23,"column":42},"end":{"line":23,"column":68}},{"start":{"line":23,"column":71},"end":{"line":23,"column":73}}]},"5":{"loc":{"start":{"line":25,"column":15},"end":{"line":25,"column":118}},"type":"cond-expr","locations":[{"start":{"line":25,"column":38},"end":{"line":25,"column":69}},{"start":{"line":25,"column":73},"end":{"line":25,"column":118}}]},"6":{"loc":{"start":{"line":29,"column":12},"end":{"line":29,"column":28}},"type":"default-arg","locations":[{"start":{"line":29,"column":19},"end":{"line":29,"column":28}}]},"7":{"loc":{"start":{"line":29,"column":61},"end":{"line":29,"column":97}},"type":"binary-expr","locations":[{"start":{"line":29,"column":61},"end":{"line":29,"column":91}},{"start":{"line":29,"column":95},"end":{"line":29,"column":97}}]},"8":{"loc":{"start":{"line":30,"column":4},"end":{"line":32,"column":null}},"type":"if","locations":[{"start":{"line":30,"column":4},"end":{"line":32,"column":null}}]},"9":{"loc":{"start":{"line":36,"column":4},"end":{"line":38,"column":null}},"type":"if","locations":[{"start":{"line":36,"column":4},"end":{"line":38,"column":null}}]},"10":{"loc":{"start":{"line":36,"column":8},"end":{"line":36,"column":26}},"type":"cond-expr","locations":[{"start":{"line":36,"column":20},"end":{"line":36,"column":22}},{"start":{"line":36,"column":8},"end":{"line":36,"column":26}}]},"11":{"loc":{"start":{"line":36,"column":8},"end":{"line":36,"column":22}},"type":"binary-expr","locations":[{"start":{"line":36,"column":8},"end":{"line":36,"column":22}},{"start":{"line":36,"column":8},"end":{"line":36,"column":22}}]}},"s":{"0":0,"1":0,"2":0,"3":0,"4":0,"5":0,"6":0,"7":0,"8":0,"9":0,"10":0,"11":0,"12":0,"13":0,"14":0,"15":0,"16":0,"17":0,"18":0,"19":0,"20":0,"21":0,"22":0,"23":0,"24":0,"25":0,"26":0,"27":0,"28":0,"29":0,"30":0,"31":0,"32":0},"f":{"0":0,"1":0,"2":0,"3":0,"4":0,"5":0,"6":0},"b":{"0":[0],"1":[0,0],"2":[0,0,0],"3":[0,0],"4":[0,0],"5":[0,0],"6":[0],"7":[0,0],"8":[0],"9":[0],"10":[0,0],"11":[0,0]}}
,"/Users/zane/.liq/playground/liquid-labs/liq-integrations/src/handlers/server/plugins/integrations/add.mjs": {"path":"/Users/zane/.liq/playground/liquid-labs/liq-integrations/src/handlers/server/plugins/integrations/add.mjs","statementMap":{"0":{"start":{"line":1,"column":0},"end":{"line":1,"column":null}},"1":{"start":{"line":3,"column":0},"end":{"line":3,"column":null}},"2":{"start":{"line":4,"column":0},"end":{"line":4,"column":81}},"3":{"start":{"line":4,"column":81},"end":{"line":4,"column":null}},"4":{"start":{"line":6,"column":29},"end":{"line":6,"column":63}},"5":{"start":{"line":6,"column":42},"end":{"line":6,"column":63}},"6":{"start":{"line":8,"column":19},"end":{"line":8,"column":33}},"7":{"start":{"line":9,"column":20},"end":{"line":9,"column":34}},"8":{"start":{"line":12,"column":2},"end":{"line":12,"column":68}},"9":{"start":{"line":12,"column":68},"end":{"line":12,"column":null}},"10":{"start":{"line":14,"column":10},"end":{"line":14,"column":57}},"11":{"start":{"line":16,"column":34},"end":{"line":16,"column":90}},"12":{"start":{"line":16,"column":47},"end":{"line":16,"column":90}},"13":{"start":{"line":17,"column":30},"end":{"line":17,"column":86}},"14":{"start":{"line":17,"column":36},"end":{"line":17,"column":86}},"15":{"start":{"line":19,"column":10},"end":{"line":25,"column":2}}},"fnMap":{"0":{"name":"_getRequireWildcardCache","decl":{"start":{"line":4,"column":81},"end":{"line":4,"column":null}},"loc":{"start":{"line":4,"column":81},"end":{"line":4,"column":null}}},"1":{"name":"(anonymous_3)","decl":{"start":{"line":6,"column":29},"end":{"line":6,"column":30}},"loc":{"start":{"line":6,"column":42},"end":{"line":6,"column":63}}},"2":{"name":"(anonymous_4)","decl":{"start":{"line":16,"column":34},"end":{"line":16,"column":35}},"loc":{"start":{"line":16,"column":47},"end":{"line":16,"column":90}}},"3":{"name":"(anonymous_5)","decl":{"start":{"line":17,"column":30},"end":{"line":17,"column":36}},"loc":{"start":{"line":17,"column":36},"end":{"line":17,"column":86}}}},"branchMap":{"0":{"loc":{"start":{"line":4,"column":81},"end":{"line":4,"column":null}},"type":"if","locations":[{"start":{"line":4,"column":81},"end":{"line":4,"column":null}}]},"1":{"loc":{"start":{"line":4,"column":81},"end":{"line":4,"column":null}},"type":"cond-expr","locations":[{"start":{"line":4,"column":81},"end":{"line":4,"column":null}},{"start":{"line":4,"column":81},"end":{"line":4,"column":null}}]},"2":{"loc":{"start":{"line":4,"column":81},"end":{"line":4,"column":null}},"type":"binary-expr","locations":[{"start":{"line":4,"column":81},"end":{"line":4,"column":null}},{"start":{"line":4,"column":81},"end":{"line":4,"column":null}},{"start":{"line":4,"column":81},"end":{"line":4,"column":null}}]}},"s":{"0":0,"1":0,"2":0,"3":0,"4":0,"5":0,"6":0,"7":0,"8":0,"9":0,"10":0,"11":0,"12":0,"13":0,"14":0,"15":0},"f":{"0":0,"1":0,"2":0,"3":0},"b":{"0":[0],"1":[0,0],"2":[0,0,0]}}
,"/Users/zane/.liq/playground/liquid-labs/liq-integrations/src/handlers/server/plugins/integrations/details.mjs": {"path":"/Users/zane/.liq/playground/liquid-labs/liq-integrations/src/handlers/server/plugins/integrations/details.mjs","statementMap":{"0":{"start":{"line":1,"column":0},"end":{"line":1,"column":null}},"1":{"start":{"line":3,"column":37},"end":{"line":3,"column":89}},"2":{"start":{"line":3,"column":89},"end":{"line":3,"column":null}},"3":{"start":{"line":5,"column":10},"end":{"line":5,"column":87}},"4":{"start":{"line":7,"column":34},"end":{"line":7,"column":81}},"5":{"start":{"line":7,"column":47},"end":{"line":7,"column":81}},"6":{"start":{"line":9,"column":10},"end":{"line":9,"column":64}}},"fnMap":{"0":{"name":"(anonymous_0)","decl":{"start":{"line":7,"column":34},"end":{"line":7,"column":35}},"loc":{"start":{"line":7,"column":47},"end":{"line":7,"column":81}}}},"branchMap":{},"s":{"0":0,"1":0,"2":0,"3":0,"4":0,"5":0,"6":0},"f":{"0":0},"b":{}}
,"/Users/zane/.liq/playground/liquid-labs/liq-integrations/src/handlers/server/plugins/integrations/list.mjs": {"path":"/Users/zane/.liq/playground/liquid-labs/liq-integrations/src/handlers/server/plugins/integrations/list.mjs","statementMap":{"0":{"start":{"line":1,"column":0},"end":{"line":1,"column":null}},"1":{"start":{"line":3,"column":37},"end":{"line":3,"column":86}},"2":{"start":{"line":3,"column":86},"end":{"line":3,"column":null}},"3":{"start":{"line":5,"column":10},"end":{"line":5,"column":58}},"4":{"start":{"line":7,"column":34},"end":{"line":7,"column":90}},"5":{"start":{"line":7,"column":47},"end":{"line":7,"column":90}},"6":{"start":{"line":8,"column":29},"end":{"line":8,"column":63}},"7":{"start":{"line":8,"column":42},"end":{"line":8,"column":63}},"8":{"start":{"line":10,"column":10},"end":{"line":10,"column":113}}},"fnMap":{"0":{"name":"(anonymous_0)","decl":{"start":{"line":7,"column":34},"end":{"line":7,"column":35}},"loc":{"start":{"line":7,"column":47},"end":{"line":7,"column":90}}},"1":{"name":"(anonymous_1)","decl":{"start":{"line":8,"column":29},"end":{"line":8,"column":30}},"loc":{"start":{"line":8,"column":42},"end":{"line":8,"column":63}}}},"branchMap":{},"s":{"0":0,"1":0,"2":0,"3":0,"4":0,"5":0,"6":0,"7":0,"8":0},"f":{"0":0,"1":0},"b":{}}
,"/Users/zane/.liq/playground/liquid-labs/liq-integrations/src/handlers/server/plugins/integrations/remove.mjs": {"path":"/Users/zane/.liq/playground/liquid-labs/liq-integrations/src/handlers/server/plugins/integrations/remove.mjs","statementMap":{"0":{"start":{"line":1,"column":0},"end":{"line":1,"column":null}},"1":{"start":{"line":3,"column":0},"end":{"line":3,"column":null}},"2":{"start":{"line":4,"column":0},"end":{"line":4,"column":87}},"3":{"start":{"line":4,"column":87},"end":{"line":4,"column":null}},"4":{"start":{"line":6,"column":37},"end":{"line":6,"column":91}},"5":{"start":{"line":6,"column":91},"end":{"line":6,"column":null}},"6":{"start":{"line":8,"column":10},"end":{"line":8,"column":86}},"7":{"start":{"line":10,"column":34},"end":{"line":10,"column":81}},"8":{"start":{"line":10,"column":47},"end":{"line":10,"column":81}},"9":{"start":{"line":11,"column":30},"end":{"line":11,"column":86}},"10":{"start":{"line":11,"column":36},"end":{"line":11,"column":86}},"11":{"start":{"line":13,"column":10},"end":{"line":17,"column":2}}},"fnMap":{"0":{"name":"_getRequireWildcardCache","decl":{"start":{"line":4,"column":87},"end":{"line":4,"column":null}},"loc":{"start":{"line":4,"column":87},"end":{"line":4,"column":null}}},"1":{"name":"(anonymous_3)","decl":{"start":{"line":10,"column":34},"end":{"line":10,"column":35}},"loc":{"start":{"line":10,"column":47},"end":{"line":10,"column":81}}},"2":{"name":"(anonymous_4)","decl":{"start":{"line":11,"column":30},"end":{"line":11,"column":36}},"loc":{"start":{"line":11,"column":36},"end":{"line":11,"column":86}}}},"branchMap":{"0":{"loc":{"start":{"line":4,"column":87},"end":{"line":4,"column":null}},"type":"if","locations":[{"start":{"line":4,"column":87},"end":{"line":4,"column":null}}]},"1":{"loc":{"start":{"line":4,"column":87},"end":{"line":4,"column":null}},"type":"cond-expr","locations":[{"start":{"line":4,"column":87},"end":{"line":4,"column":null}},{"start":{"line":4,"column":87},"end":{"line":4,"column":null}}]},"2":{"loc":{"start":{"line":4,"column":87},"end":{"line":4,"column":null}},"type":"binary-expr","locations":[{"start":{"line":4,"column":87},"end":{"line":4,"column":null}},{"start":{"line":4,"column":87},"end":{"line":4,"column":null}},{"start":{"line":4,"column":87},"end":{"line":4,"column":null}}]}},"s":{"0":0,"1":0,"2":0,"3":0,"4":0,"5":0,"6":0,"7":0,"8":0,"9":0,"10":0,"11":0},"f":{"0":0,"1":0,"2":0},"b":{"0":[0],"1":[0,0],"2":[0,0,0]}}
}
